  [1m[35m (279.3ms)[0m  [1m[35mCREATE DATABASE "eventbrite_development" ENCODING = 'unicode'[0m
  ↳ bin/rails:9
  [1m[35m (83.8ms)[0m  [1m[35mCREATE DATABASE "eventbrite_test" ENCODING = 'unicode'[0m
  ↳ bin/rails:9
  [1m[35m (65.4ms)[0m  [1m[35mCREATE TABLE "schema_migrations" ("version" character varying NOT NULL PRIMARY KEY)[0m
  ↳ bin/rails:9
  [1m[35m (44.0ms)[0m  [1m[35mCREATE TABLE "ar_internal_metadata" ("key" character varying NOT NULL PRIMARY KEY, "value" character varying, "created_at" timestamp NOT NULL, "updated_at" timestamp NOT NULL)[0m
  ↳ bin/rails:9
  [1m[35m (0.2ms)[0m  [1m[34mSELECT pg_try_advisory_lock(4712895195414035070)[0m
  ↳ bin/rails:9
  [1m[35m (0.6ms)[0m  [1m[34mSELECT "schema_migrations"."version" FROM "schema_migrations" ORDER BY "schema_migrations"."version" ASC[0m
  ↳ bin/rails:9
Migrating to CreateUsers (20210516034123)
  [1m[35m (0.2ms)[0m  [1m[35mBEGIN[0m
  ↳ bin/rails:9
  [1m[35m (49.4ms)[0m  [1m[35mCREATE TABLE "users" ("id" bigserial primary key, "email" character varying DEFAULT '' NOT NULL, "encrypted_password" character varying DEFAULT '' NOT NULL, "description" text, "first_name" character varying, "last_name" character varying, "created_at" timestamp NOT NULL, "updated_at" timestamp NOT NULL)[0m
  ↳ db/migrate/20210516034123_create_users.rb:3
  [1m[36mActiveRecord::SchemaMigration Create (4.7ms)[0m  [1m[32mINSERT INTO "schema_migrations" ("version") VALUES ($1) RETURNING "version"[0m  [["version", "20210516034123"]]
  ↳ bin/rails:9
  [1m[35m (0.5ms)[0m  [1m[35mCOMMIT[0m
  ↳ bin/rails:9
Migrating to CreateEvents (20210516034131)
  [1m[35m (0.4ms)[0m  [1m[35mBEGIN[0m
  ↳ bin/rails:9
  [1m[35m (3.9ms)[0m  [1m[35mCREATE TABLE "events" ("id" bigserial primary key, "start_date" timestamp, "duration" integer, "title" character varying, "description" text, "price" integer, "location" character varying, "admin_id" bigint, "created_at" timestamp NOT NULL, "updated_at" timestamp NOT NULL)[0m
  ↳ db/migrate/20210516034131_create_events.rb:3
  [1m[35m (3.2ms)[0m  [1m[35mCREATE  INDEX  "index_events_on_admin_id" ON "events"  ("admin_id")[0m
  ↳ db/migrate/20210516034131_create_events.rb:3
  [1m[36mActiveRecord::SchemaMigration Create (4.9ms)[0m  [1m[32mINSERT INTO "schema_migrations" ("version") VALUES ($1) RETURNING "version"[0m  [["version", "20210516034131"]]
  ↳ bin/rails:9
  [1m[35m (0.7ms)[0m  [1m[35mCOMMIT[0m
  ↳ bin/rails:9
Migrating to CreateAttendances (20210516034151)
  [1m[35m (0.3ms)[0m  [1m[35mBEGIN[0m
  ↳ bin/rails:9
  [1m[35m (6.7ms)[0m  [1m[35mCREATE TABLE "attendances" ("id" bigserial primary key, "stripe_customer_id" character varying, "guest_id" bigint, "event_id" bigint, "created_at" timestamp NOT NULL, "updated_at" timestamp NOT NULL)[0m
  ↳ db/migrate/20210516034151_create_attendances.rb:3
  [1m[35m (3.4ms)[0m  [1m[35mCREATE  INDEX  "index_attendances_on_guest_id" ON "attendances"  ("guest_id")[0m
  ↳ db/migrate/20210516034151_create_attendances.rb:3
  [1m[35m (1.7ms)[0m  [1m[35mCREATE  INDEX  "index_attendances_on_event_id" ON "attendances"  ("event_id")[0m
  ↳ db/migrate/20210516034151_create_attendances.rb:3
  [1m[36mActiveRecord::SchemaMigration Create (0.7ms)[0m  [1m[32mINSERT INTO "schema_migrations" ("version") VALUES ($1) RETURNING "version"[0m  [["version", "20210516034151"]]
  ↳ bin/rails:9
  [1m[35m (0.6ms)[0m  [1m[35mCOMMIT[0m
  ↳ bin/rails:9
  [1m[36mActiveRecord::InternalMetadata Load (0.5ms)[0m  [1m[34mSELECT  "ar_internal_metadata".* FROM "ar_internal_metadata" WHERE "ar_internal_metadata"."key" = $1 LIMIT $2[0m  [["key", "environment"], ["LIMIT", 1]]
  ↳ bin/rails:9
  [1m[35m (0.2ms)[0m  [1m[35mBEGIN[0m
  ↳ bin/rails:9
  [1m[36mActiveRecord::InternalMetadata Create (1.4ms)[0m  [1m[32mINSERT INTO "ar_internal_metadata" ("key", "value", "created_at", "updated_at") VALUES ($1, $2, $3, $4) RETURNING "key"[0m  [["key", "environment"], ["value", "development"], ["created_at", "2021-05-18 13:08:44.734924"], ["updated_at", "2021-05-18 13:08:44.734924"]]
  ↳ bin/rails:9
  [1m[35m (0.4ms)[0m  [1m[35mCOMMIT[0m
  ↳ bin/rails:9
  [1m[35m (0.3ms)[0m  [1m[34mSELECT pg_advisory_unlock(4712895195414035070)[0m
  ↳ bin/rails:9
  [1m[35m (0.3ms)[0m  [1m[34mSELECT "schema_migrations"."version" FROM "schema_migrations" ORDER BY "schema_migrations"."version" ASC[0m
  ↳ bin/rails:9
  [1m[35m (0.9ms)[0m  [1m[34mSELECT "schema_migrations"."version" FROM "schema_migrations" ORDER BY "schema_migrations"."version" ASC[0m
  ↳ bin/rails:9
  [1m[35m (0.7ms)[0m  [1m[34mSELECT "schema_migrations"."version" FROM "schema_migrations" ORDER BY "schema_migrations"."version" ASC[0m
  ↳ bin/rails:9
  [1m[35m (0.3ms)[0m  [1m[34mSELECT "schema_migrations"."version" FROM "schema_migrations" ORDER BY "schema_migrations"."version" ASC[0m
  ↳ bin/rails:9
  [1m[35m (0.2ms)[0m  [1m[34mSELECT "schema_migrations"."version" FROM "schema_migrations" ORDER BY "schema_migrations"."version" ASC[0m
  ↳ bin/rails:9
  [1m[35m (0.2ms)[0m  [1m[34mSELECT pg_try_advisory_lock(4712895195414035070)[0m
  ↳ bin/rails:9
  [1m[35m (0.2ms)[0m  [1m[34mSELECT "schema_migrations"."version" FROM "schema_migrations" ORDER BY "schema_migrations"."version" ASC[0m
  ↳ bin/rails:9
Migrating to CreateAttendances (20210516034151)
  [1m[35m (0.3ms)[0m  [1m[35mBEGIN[0m
  ↳ bin/rails:9
  [1m[35m (49.3ms)[0m  [1m[35mDROP TABLE "attendances"[0m
  ↳ bin/rails:9
  [1m[36mActiveRecord::SchemaMigration Destroy (26.3ms)[0m  [1m[31mDELETE FROM "schema_migrations" WHERE "schema_migrations"."version" = $1[0m  [["version", "20210516034151"]]
  ↳ bin/rails:9
  [1m[35m (2.0ms)[0m  [1m[35mCOMMIT[0m
  ↳ bin/rails:9
  [1m[35m (0.3ms)[0m  [1m[34mSELECT pg_advisory_unlock(4712895195414035070)[0m
  ↳ bin/rails:9
  [1m[35m (0.2ms)[0m  [1m[34mSELECT "schema_migrations"."version" FROM "schema_migrations" ORDER BY "schema_migrations"."version" ASC[0m
  ↳ bin/rails:9
  [1m[35m (0.7ms)[0m  [1m[34mSELECT "schema_migrations"."version" FROM "schema_migrations" ORDER BY "schema_migrations"."version" ASC[0m
  ↳ bin/rails:9
  [1m[35m (0.2ms)[0m  [1m[34mSELECT "schema_migrations"."version" FROM "schema_migrations" ORDER BY "schema_migrations"."version" ASC[0m
  ↳ bin/rails:9
  [1m[35m (0.2ms)[0m  [1m[34mSELECT "schema_migrations"."version" FROM "schema_migrations" ORDER BY "schema_migrations"."version" ASC[0m
  ↳ bin/rails:9
  [1m[35m (0.2ms)[0m  [1m[34mSELECT pg_try_advisory_lock(4712895195414035070)[0m
  ↳ bin/rails:9
  [1m[35m (0.2ms)[0m  [1m[34mSELECT "schema_migrations"."version" FROM "schema_migrations" ORDER BY "schema_migrations"."version" ASC[0m
  ↳ bin/rails:9
Migrating to CreateEvents (20210516034131)
  [1m[35m (0.2ms)[0m  [1m[35mBEGIN[0m
  ↳ bin/rails:9
  [1m[35m (4.3ms)[0m  [1m[35mDROP TABLE "events"[0m
  ↳ bin/rails:9
  [1m[36mActiveRecord::SchemaMigration Destroy (0.6ms)[0m  [1m[31mDELETE FROM "schema_migrations" WHERE "schema_migrations"."version" = $1[0m  [["version", "20210516034131"]]
  ↳ bin/rails:9
  [1m[35m (45.2ms)[0m  [1m[35mCOMMIT[0m
  ↳ bin/rails:9
  [1m[35m (0.3ms)[0m  [1m[34mSELECT pg_advisory_unlock(4712895195414035070)[0m
  ↳ bin/rails:9
  [1m[35m (0.2ms)[0m  [1m[34mSELECT "schema_migrations"."version" FROM "schema_migrations" ORDER BY "schema_migrations"."version" ASC[0m
  ↳ bin/rails:9
  [1m[35m (0.7ms)[0m  [1m[34mSELECT "schema_migrations"."version" FROM "schema_migrations" ORDER BY "schema_migrations"."version" ASC[0m
  ↳ bin/rails:9
  [1m[35m (0.3ms)[0m  [1m[34mSELECT "schema_migrations"."version" FROM "schema_migrations" ORDER BY "schema_migrations"."version" ASC[0m
  ↳ bin/rails:9
  [1m[35m (0.2ms)[0m  [1m[34mSELECT "schema_migrations"."version" FROM "schema_migrations" ORDER BY "schema_migrations"."version" ASC[0m
  ↳ bin/rails:9
  [1m[35m (0.2ms)[0m  [1m[34mSELECT pg_try_advisory_lock(4712895195414035070)[0m
  ↳ bin/rails:9
  [1m[35m (0.2ms)[0m  [1m[34mSELECT "schema_migrations"."version" FROM "schema_migrations" ORDER BY "schema_migrations"."version" ASC[0m
  ↳ bin/rails:9
Migrating to CreateUsers (20210516034123)
  [1m[35m (0.3ms)[0m  [1m[35mBEGIN[0m
  ↳ bin/rails:9
  [1m[35m (3.1ms)[0m  [1m[35mDROP TABLE "users"[0m
  ↳ bin/rails:9
  [1m[36mActiveRecord::SchemaMigration Destroy (2.6ms)[0m  [1m[31mDELETE FROM "schema_migrations" WHERE "schema_migrations"."version" = $1[0m  [["version", "20210516034123"]]
  ↳ bin/rails:9
  [1m[35m (63.5ms)[0m  [1m[35mCOMMIT[0m
  ↳ bin/rails:9
  [1m[35m (0.3ms)[0m  [1m[34mSELECT pg_advisory_unlock(4712895195414035070)[0m
  ↳ bin/rails:9
  [1m[35m (0.3ms)[0m  [1m[34mSELECT "schema_migrations"."version" FROM "schema_migrations" ORDER BY "schema_migrations"."version" ASC[0m
  ↳ bin/rails:9
  [1m[35m (0.9ms)[0m  [1m[34mSELECT "schema_migrations"."version" FROM "schema_migrations" ORDER BY "schema_migrations"."version" ASC[0m
  ↳ bin/rails:9
  [1m[35m (2.4ms)[0m  [1m[35mCREATE DATABASE "eventbrite_development" ENCODING = 'unicode'[0m
  ↳ bin/rails:9
  [1m[35m (0.6ms)[0m  [1m[35mCREATE DATABASE "eventbrite_test" ENCODING = 'unicode'[0m
  ↳ bin/rails:9
  [1m[35m (0.3ms)[0m  [1m[34mSELECT pg_try_advisory_lock(4712895195414035070)[0m
  ↳ bin/rails:9
  [1m[35m (0.6ms)[0m  [1m[34mSELECT "schema_migrations"."version" FROM "schema_migrations" ORDER BY "schema_migrations"."version" ASC[0m
  ↳ bin/rails:9
Migrating to CreateUsers (20210516034123)
  [1m[35m (0.3ms)[0m  [1m[35mBEGIN[0m
  ↳ bin/rails:9
  [1m[35m (45.0ms)[0m  [1m[35mCREATE TABLE "users" ("id" bigserial primary key, "email" character varying DEFAULT '' NOT NULL, "encrypted_password" character varying DEFAULT '' NOT NULL, "description" text, "first_name" character varying, "last_name" character varying, "created_at" timestamp NOT NULL, "updated_at" timestamp NOT NULL)[0m
  ↳ db/migrate/20210516034123_create_users.rb:3
  [1m[36mActiveRecord::SchemaMigration Create (0.4ms)[0m  [1m[32mINSERT INTO "schema_migrations" ("version") VALUES ($1) RETURNING "version"[0m  [["version", "20210516034123"]]
  ↳ bin/rails:9
  [1m[35m (0.7ms)[0m  [1m[35mCOMMIT[0m
  ↳ bin/rails:9
Migrating to CreateEvents (20210516034131)
  [1m[35m (39.7ms)[0m  [1m[35mBEGIN[0m
  ↳ bin/rails:9
  [1m[35m (4.2ms)[0m  [1m[35mCREATE TABLE "events" ("id" bigserial primary key, "start_date" timestamp, "duration" integer, "title" character varying, "description" text, "price" integer, "location" character varying, "admin_id" bigint, "created_at" timestamp NOT NULL, "updated_at" timestamp NOT NULL)[0m
  ↳ db/migrate/20210516034131_create_events.rb:3
  [1m[35m (5.8ms)[0m  [1m[35mCREATE  INDEX  "index_events_on_admin_id" ON "events"  ("admin_id")[0m
  ↳ db/migrate/20210516034131_create_events.rb:3
  [1m[36mActiveRecord::SchemaMigration Create (0.4ms)[0m  [1m[32mINSERT INTO "schema_migrations" ("version") VALUES ($1) RETURNING "version"[0m  [["version", "20210516034131"]]
  ↳ bin/rails:9
  [1m[35m (0.7ms)[0m  [1m[35mCOMMIT[0m
  ↳ bin/rails:9
Migrating to CreateAttendances (20210516034151)
  [1m[35m (40.4ms)[0m  [1m[35mBEGIN[0m
  ↳ bin/rails:9
  [1m[35m (3.8ms)[0m  [1m[35mCREATE TABLE "attendances" ("id" bigserial primary key, "stripe_customer_id" character varying, "guest_id" bigint, "event_id" bigint, "created_at" timestamp NOT NULL, "updated_at" timestamp NOT NULL)[0m
  ↳ db/migrate/20210516034151_create_attendances.rb:3
  [1m[35m (2.3ms)[0m  [1m[35mCREATE  INDEX  "index_attendances_on_guest_id" ON "attendances"  ("guest_id")[0m
  ↳ db/migrate/20210516034151_create_attendances.rb:3
  [1m[35m (1.9ms)[0m  [1m[35mCREATE  INDEX  "index_attendances_on_event_id" ON "attendances"  ("event_id")[0m
  ↳ db/migrate/20210516034151_create_attendances.rb:3
  [1m[36mActiveRecord::SchemaMigration Create (2.4ms)[0m  [1m[32mINSERT INTO "schema_migrations" ("version") VALUES ($1) RETURNING "version"[0m  [["version", "20210516034151"]]
  ↳ bin/rails:9
  [1m[35m (1.1ms)[0m  [1m[35mCOMMIT[0m
  ↳ bin/rails:9
  [1m[36mActiveRecord::InternalMetadata Load (40.5ms)[0m  [1m[34mSELECT  "ar_internal_metadata".* FROM "ar_internal_metadata" WHERE "ar_internal_metadata"."key" = $1 LIMIT $2[0m  [["key", "environment"], ["LIMIT", 1]]
  ↳ bin/rails:9
  [1m[35m (0.2ms)[0m  [1m[35mBEGIN[0m
  ↳ bin/rails:9
  [1m[35m (0.1ms)[0m  [1m[35mCOMMIT[0m
  ↳ bin/rails:9
  [1m[35m (1.0ms)[0m  [1m[34mSELECT pg_advisory_unlock(4712895195414035070)[0m
  ↳ bin/rails:9
  [1m[35m (0.6ms)[0m  [1m[34mSELECT "schema_migrations"."version" FROM "schema_migrations" ORDER BY "schema_migrations"."version" ASC[0m
  ↳ bin/rails:9
  [1m[35m (0.7ms)[0m  [1m[34mSELECT "schema_migrations"."version" FROM "schema_migrations" ORDER BY "schema_migrations"."version" ASC[0m
  ↳ bin/rails:9
Started GET "/users/sign_up" for ::1 at 2021-05-18 15:18:12 +0200
  [1m[35m (38.2ms)[0m  [1m[34mSELECT "schema_migrations"."version" FROM "schema_migrations" ORDER BY "schema_migrations"."version" ASC[0m
  ↳ /Users/Saru_VII/.rvm/gems/ruby-2.7.1/gems/activerecord-5.2.6/lib/active_record/log_subscriber.rb:98

AbstractController::ActionNotFound - The action 'show' could not be found for UsersController:

Started POST "/__better_errors/24864d2514291d32/variables" for ::1 at 2021-05-18 15:18:12 +0200
Started GET "/" for ::1 at 2021-05-18 15:18:17 +0200
Processing by HomeController#index as HTML
  Rendering home/index.html.erb within layouts/application
  Rendered home/index.html.erb within layouts/application (2.0ms)
Completed 200 OK in 1965ms (Views: 1960.9ms | ActiveRecord: 0.0ms)


Started GET "/" for ::1 at 2021-05-18 15:19:20 +0200
Processing by HomeController#index as HTML
  Rendering home/index.html.erb within layouts/application
  Rendered home/index.html.erb within layouts/application (0.6ms)
Completed 200 OK in 35ms (Views: 33.2ms | ActiveRecord: 0.0ms)


Started GET "/" for ::1 at 2021-05-18 15:19:23 +0200
Processing by HomeController#index as HTML
  Rendering home/index.html.erb within layouts/application
  Rendered home/index.html.erb within layouts/application (0.5ms)
Completed 200 OK in 30ms (Views: 28.1ms | ActiveRecord: 0.0ms)


Started GET "/" for ::1 at 2021-05-18 15:19:25 +0200
Processing by HomeController#index as HTML
  Rendering home/index.html.erb within layouts/application
  Rendered home/index.html.erb within layouts/application (0.4ms)
Completed 200 OK in 23ms (Views: 21.8ms | ActiveRecord: 0.0ms)


Started GET "/" for ::1 at 2021-05-18 15:25:28 +0200
Processing by HomeController#index as HTML
  Rendering home/index.html.erb within layouts/application
  Rendered home/index.html.erb within layouts/application (4.3ms)
Completed 200 OK in 68ms (Views: 62.4ms | ActiveRecord: 0.0ms)


Started GET "/" for ::1 at 2021-05-18 15:26:20 +0200
Processing by HomeController#index as HTML
  Rendering home/index.html.erb within layouts/application
  Rendered home/index.html.erb within layouts/application (0.5ms)
Completed 200 OK in 44ms (Views: 41.7ms | ActiveRecord: 0.0ms)


Started GET "/" for ::1 at 2021-05-18 15:26:22 +0200
Processing by HomeController#index as HTML
  Rendering home/index.html.erb within layouts/application
  Rendered home/index.html.erb within layouts/application (0.7ms)
Completed 200 OK in 42ms (Views: 38.0ms | ActiveRecord: 0.0ms)


Started GET "/" for ::1 at 2021-05-18 15:26:42 +0200
Processing by HomeController#index as HTML
  Rendering home/index.html.erb within layouts/application
  Rendered home/index.html.erb within layouts/application (0.9ms)
Completed 200 OK in 78ms (Views: 73.7ms | ActiveRecord: 0.0ms)


Started GET "/" for ::1 at 2021-05-18 15:27:25 +0200
Processing by HomeController#index as HTML
  Rendering home/index.html.erb within layouts/application
  Rendered home/index.html.erb within layouts/application (0.5ms)
Completed 200 OK in 35ms (Views: 32.0ms | ActiveRecord: 0.0ms)


Started GET "/" for ::1 at 2021-05-18 15:27:41 +0200
Processing by HomeController#index as HTML
  Rendering home/index.html.erb within layouts/application
  Rendered home/index.html.erb within layouts/application (0.4ms)
Completed 200 OK in 34ms (Views: 31.1ms | ActiveRecord: 0.0ms)


  [1m[35m (1.1ms)[0m  [1m[34mSELECT "schema_migrations"."version" FROM "schema_migrations" ORDER BY "schema_migrations"."version" ASC[0m
  ↳ bin/rails:9
  [1m[35m (0.2ms)[0m  [1m[34mSELECT "schema_migrations"."version" FROM "schema_migrations" ORDER BY "schema_migrations"."version" ASC[0m
  ↳ bin/rails:9
  [1m[35m (0.2ms)[0m  [1m[34mSELECT "schema_migrations"."version" FROM "schema_migrations" ORDER BY "schema_migrations"."version" ASC[0m
  ↳ bin/rails:9
  [1m[35m (0.2ms)[0m  [1m[34mSELECT pg_try_advisory_lock(4712895195414035070)[0m
  ↳ bin/rails:9
  [1m[35m (0.2ms)[0m  [1m[34mSELECT "schema_migrations"."version" FROM "schema_migrations" ORDER BY "schema_migrations"."version" ASC[0m
  ↳ bin/rails:9
Migrating to CreateAttendances (20210516034151)
  [1m[35m (0.2ms)[0m  [1m[35mBEGIN[0m
  ↳ bin/rails:9
  [1m[35m (8.0ms)[0m  [1m[35mDROP TABLE "attendances"[0m
  ↳ bin/rails:9
  [1m[36mActiveRecord::SchemaMigration Destroy (3.1ms)[0m  [1m[31mDELETE FROM "schema_migrations" WHERE "schema_migrations"."version" = $1[0m  [["version", "20210516034151"]]
  ↳ bin/rails:9
  [1m[35m (45.5ms)[0m  [1m[35mCOMMIT[0m
  ↳ bin/rails:9
  [1m[35m (0.7ms)[0m  [1m[34mSELECT pg_advisory_unlock(4712895195414035070)[0m
  ↳ bin/rails:9
  [1m[35m (0.2ms)[0m  [1m[34mSELECT "schema_migrations"."version" FROM "schema_migrations" ORDER BY "schema_migrations"."version" ASC[0m
  ↳ bin/rails:9
  [1m[35m (1.6ms)[0m  [1m[34mSELECT "schema_migrations"."version" FROM "schema_migrations" ORDER BY "schema_migrations"."version" ASC[0m
  ↳ bin/rails:9
  [1m[35m (0.2ms)[0m  [1m[34mSELECT "schema_migrations"."version" FROM "schema_migrations" ORDER BY "schema_migrations"."version" ASC[0m
  ↳ bin/rails:9
  [1m[35m (0.3ms)[0m  [1m[34mSELECT "schema_migrations"."version" FROM "schema_migrations" ORDER BY "schema_migrations"."version" ASC[0m
  ↳ bin/rails:9
  [1m[35m (0.3ms)[0m  [1m[34mSELECT pg_try_advisory_lock(4712895195414035070)[0m
  ↳ bin/rails:9
  [1m[35m (0.3ms)[0m  [1m[34mSELECT "schema_migrations"."version" FROM "schema_migrations" ORDER BY "schema_migrations"."version" ASC[0m
  ↳ bin/rails:9
Migrating to CreateEvents (20210516034131)
  [1m[35m (0.2ms)[0m  [1m[35mBEGIN[0m
  ↳ bin/rails:9
  [1m[35m (2.7ms)[0m  [1m[35mDROP TABLE "events"[0m
  ↳ bin/rails:9
  [1m[36mActiveRecord::SchemaMigration Destroy (0.5ms)[0m  [1m[31mDELETE FROM "schema_migrations" WHERE "schema_migrations"."version" = $1[0m  [["version", "20210516034131"]]
  ↳ bin/rails:9
  [1m[35m (44.9ms)[0m  [1m[35mCOMMIT[0m
  ↳ bin/rails:9
  [1m[35m (0.3ms)[0m  [1m[34mSELECT pg_advisory_unlock(4712895195414035070)[0m
  ↳ bin/rails:9
  [1m[35m (0.2ms)[0m  [1m[34mSELECT "schema_migrations"."version" FROM "schema_migrations" ORDER BY "schema_migrations"."version" ASC[0m
  ↳ bin/rails:9
  [1m[35m (1.1ms)[0m  [1m[34mSELECT "schema_migrations"."version" FROM "schema_migrations" ORDER BY "schema_migrations"."version" ASC[0m
  ↳ bin/rails:9
  [1m[35m (0.5ms)[0m  [1m[34mSELECT "schema_migrations"."version" FROM "schema_migrations" ORDER BY "schema_migrations"."version" ASC[0m
  ↳ bin/rails:9
  [1m[35m (0.2ms)[0m  [1m[34mSELECT "schema_migrations"."version" FROM "schema_migrations" ORDER BY "schema_migrations"."version" ASC[0m
  ↳ bin/rails:9
  [1m[35m (0.2ms)[0m  [1m[34mSELECT pg_try_advisory_lock(4712895195414035070)[0m
  ↳ bin/rails:9
  [1m[35m (0.2ms)[0m  [1m[34mSELECT "schema_migrations"."version" FROM "schema_migrations" ORDER BY "schema_migrations"."version" ASC[0m
  ↳ bin/rails:9
Migrating to CreateUsers (20210516034123)
  [1m[35m (0.3ms)[0m  [1m[35mBEGIN[0m
  ↳ bin/rails:9
  [1m[35m (4.2ms)[0m  [1m[35mDROP TABLE "users"[0m
  ↳ bin/rails:9
  [1m[36mActiveRecord::SchemaMigration Destroy (1.0ms)[0m  [1m[31mDELETE FROM "schema_migrations" WHERE "schema_migrations"."version" = $1[0m  [["version", "20210516034123"]]
  ↳ bin/rails:9
  [1m[35m (41.8ms)[0m  [1m[35mCOMMIT[0m
  ↳ bin/rails:9
  [1m[35m (0.8ms)[0m  [1m[34mSELECT pg_advisory_unlock(4712895195414035070)[0m
  ↳ bin/rails:9
  [1m[35m (0.2ms)[0m  [1m[34mSELECT "schema_migrations"."version" FROM "schema_migrations" ORDER BY "schema_migrations"."version" ASC[0m
  ↳ bin/rails:9
  [1m[35m (0.9ms)[0m  [1m[34mSELECT "schema_migrations"."version" FROM "schema_migrations" ORDER BY "schema_migrations"."version" ASC[0m
  ↳ bin/rails:9
  [1m[35m (0.4ms)[0m  [1m[34mSELECT "schema_migrations"."version" FROM "schema_migrations" ORDER BY "schema_migrations"."version" ASC[0m
  ↳ bin/rails:9
  [1m[35m (0.2ms)[0m  [1m[34mSELECT pg_try_advisory_lock(4712895195414035070)[0m
  ↳ bin/rails:9
  [1m[35m (0.2ms)[0m  [1m[34mSELECT "schema_migrations"."version" FROM "schema_migrations" ORDER BY "schema_migrations"."version" ASC[0m
  ↳ bin/rails:9
  [1m[35m (0.2ms)[0m  [1m[34mSELECT pg_advisory_unlock(4712895195414035070)[0m
  ↳ bin/rails:9
  [1m[35m (0.2ms)[0m  [1m[34mSELECT "schema_migrations"."version" FROM "schema_migrations" ORDER BY "schema_migrations"."version" ASC[0m
  ↳ bin/rails:9
  [1m[35m (0.9ms)[0m  [1m[34mSELECT "schema_migrations"."version" FROM "schema_migrations" ORDER BY "schema_migrations"."version" ASC[0m
  ↳ bin/rails:9
Started GET "/users/sign_up" for ::1 at 2021-05-18 18:02:56 +0200
  [1m[35m (1.0ms)[0m  [1m[34mSELECT "schema_migrations"."version" FROM "schema_migrations" ORDER BY "schema_migrations"."version" ASC[0m
  ↳ /Users/Saru_VII/.rvm/gems/ruby-2.7.1/gems/activerecord-5.2.6/lib/active_record/log_subscriber.rb:98

ActiveRecord::PendingMigrationError - Migrations are pending. To resolve this issue, run:
        bin/rails db:migrate RAILS_ENV=development:

Started POST "/__better_errors/30d7374c5f3a5d30/variables" for ::1 at 2021-05-18 18:02:56 +0200
Started GET "/devise/sessions" for ::1 at 2021-05-18 18:07:40 +0200
  [1m[35m (0.8ms)[0m  [1m[34mSELECT "schema_migrations"."version" FROM "schema_migrations" ORDER BY "schema_migrations"."version" ASC[0m
  ↳ /Users/Saru_VII/.rvm/gems/ruby-2.7.1/gems/activerecord-5.2.6/lib/active_record/log_subscriber.rb:98

ActiveRecord::PendingMigrationError - Migrations are pending. To resolve this issue, run:
        bin/rails db:migrate RAILS_ENV=development:

Started GET "/devise/sessions" for ::1 at 2021-05-18 18:07:50 +0200
  [1m[35m (0.3ms)[0m  [1m[34mSELECT "schema_migrations"."version" FROM "schema_migrations" ORDER BY "schema_migrations"."version" ASC[0m
  ↳ /Users/Saru_VII/.rvm/gems/ruby-2.7.1/gems/activerecord-5.2.6/lib/active_record/log_subscriber.rb:98

ActiveRecord::PendingMigrationError - Migrations are pending. To resolve this issue, run:
        bin/rails db:migrate RAILS_ENV=development:

Started POST "/__better_errors/ffb9d1bcffe2606a/variables" for ::1 at 2021-05-18 18:07:52 +0200
  [1m[35m (0.2ms)[0m  [1m[34mSELECT pg_try_advisory_lock(4712895195414035070)[0m
  ↳ bin/rails:9
  [1m[35m (0.7ms)[0m  [1m[34mSELECT "schema_migrations"."version" FROM "schema_migrations" ORDER BY "schema_migrations"."version" ASC[0m
  ↳ bin/rails:9
Migrating to CreateUsers (20210516034123)
  [1m[35m (1.2ms)[0m  [1m[35mBEGIN[0m
  ↳ bin/rails:9
  [1m[35m (51.6ms)[0m  [1m[35mCREATE TABLE "users" ("id" bigserial primary key, "description" text, "first_name" character varying, "last_name" character varying, "created_at" timestamp NOT NULL, "updated_at" timestamp NOT NULL)[0m
  ↳ db/migrate/20210516034123_create_users.rb:3
  [1m[36mActiveRecord::SchemaMigration Create (0.6ms)[0m  [1m[32mINSERT INTO "schema_migrations" ("version") VALUES ($1) RETURNING "version"[0m  [["version", "20210516034123"]]
  ↳ bin/rails:9
  [1m[35m (1.3ms)[0m  [1m[35mCOMMIT[0m
  ↳ bin/rails:9
Migrating to CreateEvents (20210516034131)
  [1m[35m (40.6ms)[0m  [1m[35mBEGIN[0m
  ↳ bin/rails:9
  [1m[35m (9.0ms)[0m  [1m[35mCREATE TABLE "events" ("id" bigserial primary key, "start_date" timestamp, "duration" integer, "title" character varying, "description" text, "price" integer, "location" character varying, "admin_id" bigint, "created_at" timestamp NOT NULL, "updated_at" timestamp NOT NULL)[0m
  ↳ db/migrate/20210516034131_create_events.rb:3
  [1m[35m (6.2ms)[0m  [1m[35mCREATE  INDEX  "index_events_on_admin_id" ON "events"  ("admin_id")[0m
  ↳ db/migrate/20210516034131_create_events.rb:3
  [1m[36mActiveRecord::SchemaMigration Create (0.4ms)[0m  [1m[32mINSERT INTO "schema_migrations" ("version") VALUES ($1) RETURNING "version"[0m  [["version", "20210516034131"]]
  ↳ bin/rails:9
  [1m[35m (0.7ms)[0m  [1m[35mCOMMIT[0m
  ↳ bin/rails:9
Migrating to CreateAttendances (20210516034151)
  [1m[35m (40.6ms)[0m  [1m[35mBEGIN[0m
  ↳ bin/rails:9
  [1m[35m (9.5ms)[0m  [1m[35mCREATE TABLE "attendances" ("id" bigserial primary key, "stripe_customer_id" character varying, "guest_id" bigint, "event_id" bigint, "created_at" timestamp NOT NULL, "updated_at" timestamp NOT NULL)[0m
  ↳ db/migrate/20210516034151_create_attendances.rb:3
  [1m[35m (1.4ms)[0m  [1m[35mCREATE  INDEX  "index_attendances_on_guest_id" ON "attendances"  ("guest_id")[0m
  ↳ db/migrate/20210516034151_create_attendances.rb:3
  [1m[35m (1.1ms)[0m  [1m[35mCREATE  INDEX  "index_attendances_on_event_id" ON "attendances"  ("event_id")[0m
  ↳ db/migrate/20210516034151_create_attendances.rb:3
  [1m[36mActiveRecord::SchemaMigration Create (0.7ms)[0m  [1m[32mINSERT INTO "schema_migrations" ("version") VALUES ($1) RETURNING "version"[0m  [["version", "20210516034151"]]
  ↳ bin/rails:9
  [1m[35m (2.1ms)[0m  [1m[35mCOMMIT[0m
  ↳ bin/rails:9
Migrating to AddDeviseToUsers (20210518154613)
  [1m[35m (23.8ms)[0m  [1m[35mBEGIN[0m
  ↳ bin/rails:9
  [1m[35m (3.8ms)[0m  [1m[35mALTER TABLE "users" ADD "email" character varying DEFAULT '' NOT NULL[0m
  ↳ db/migrate/20210518154613_add_devise_to_users.rb:7
  [1m[35m (0.5ms)[0m  [1m[35mALTER TABLE "users" ADD "encrypted_password" character varying DEFAULT '' NOT NULL[0m
  ↳ db/migrate/20210518154613_add_devise_to_users.rb:8
  [1m[35m (0.4ms)[0m  [1m[35mALTER TABLE "users" ADD "reset_password_token" character varying[0m
  ↳ db/migrate/20210518154613_add_devise_to_users.rb:11
  [1m[35m (0.2ms)[0m  [1m[35mALTER TABLE "users" ADD "reset_password_sent_at" timestamp[0m
  ↳ db/migrate/20210518154613_add_devise_to_users.rb:12
  [1m[35m (0.2ms)[0m  [1m[35mALTER TABLE "users" ADD "remember_created_at" timestamp[0m
  ↳ db/migrate/20210518154613_add_devise_to_users.rb:15
  [1m[35m (1.7ms)[0m  [1m[35mCREATE UNIQUE INDEX  "index_users_on_email" ON "users"  ("email")[0m
  ↳ db/migrate/20210518154613_add_devise_to_users.rb:40
  [1m[35m (1.8ms)[0m  [1m[35mCREATE UNIQUE INDEX  "index_users_on_reset_password_token" ON "users"  ("reset_password_token")[0m
  ↳ db/migrate/20210518154613_add_devise_to_users.rb:41
  [1m[36mActiveRecord::SchemaMigration Create (0.5ms)[0m  [1m[32mINSERT INTO "schema_migrations" ("version") VALUES ($1) RETURNING "version"[0m  [["version", "20210518154613"]]
  ↳ bin/rails:9
  [1m[35m (0.7ms)[0m  [1m[35mCOMMIT[0m
  ↳ bin/rails:9
  [1m[36mActiveRecord::InternalMetadata Load (2.9ms)[0m  [1m[34mSELECT  "ar_internal_metadata".* FROM "ar_internal_metadata" WHERE "ar_internal_metadata"."key" = $1 LIMIT $2[0m  [["key", "environment"], ["LIMIT", 1]]
  ↳ bin/rails:9
  [1m[35m (0.2ms)[0m  [1m[35mBEGIN[0m
  ↳ bin/rails:9
  [1m[35m (0.2ms)[0m  [1m[35mCOMMIT[0m
  ↳ bin/rails:9
  [1m[35m (0.3ms)[0m  [1m[34mSELECT pg_advisory_unlock(4712895195414035070)[0m
  ↳ bin/rails:9
  [1m[35m (0.6ms)[0m  [1m[34mSELECT "schema_migrations"."version" FROM "schema_migrations" ORDER BY "schema_migrations"."version" ASC[0m
  ↳ bin/rails:9
Started POST "/__better_errors/30d7374c5f3a5d30/variables" for ::1 at 2021-05-18 18:08:29 +0200
Started GET "/users/sign_up" for ::1 at 2021-05-18 18:08:32 +0200
  [1m[35m (1.7ms)[0m  [1m[34mSELECT "schema_migrations"."version" FROM "schema_migrations" ORDER BY "schema_migrations"."version" ASC[0m
  ↳ /Users/Saru_VII/.rvm/gems/ruby-2.7.1/gems/activerecord-5.2.6/lib/active_record/log_subscriber.rb:98
Processing by Devise::RegistrationsController#new as HTML
  Rendering devise/registrations/new.html.erb within layouts/application
  Rendered devise/shared/_error_messages.html.erb (1.3ms)
  Rendered devise/shared/_links.html.erb (1.2ms)
  Rendered devise/registrations/new.html.erb within layouts/application (44.9ms)
Completed 200 OK in 323ms (Views: 293.6ms | ActiveRecord: 7.0ms)


Started GET "/users/sign_up" for ::1 at 2021-05-18 18:20:20 +0200
  [1m[35m (56.9ms)[0m  [1m[34mSELECT "schema_migrations"."version" FROM "schema_migrations" ORDER BY "schema_migrations"."version" ASC[0m
  ↳ /Users/Saru_VII/.rvm/gems/ruby-2.7.1/gems/activerecord-5.2.6/lib/active_record/log_subscriber.rb:98
Processing by Devise::RegistrationsController#new as HTML
  Rendering devise/registrations/new.html.erb within layouts/application
  Rendered devise/shared/_error_messages.html.erb (1.3ms)
  Rendered devise/shared/_links.html.erb (2.4ms)
  Rendered devise/registrations/new.html.erb within layouts/application (53.1ms)
Completed 200 OK in 557ms (Views: 506.8ms | ActiveRecord: 9.4ms)


Started POST "/users" for ::1 at 2021-05-18 18:20:41 +0200
Processing by Devise::RegistrationsController#create as HTML
  Parameters: {"utf8"=>"✓", "authenticity_token"=>"TDIdRnOnaNIqud5UMyM3QQymh7OgkEoGl6W+pGwQDp3FaZmyuPc0dL6FN/luKZUOSQl6IS5SWhiOqj2gEXBNZg==", "user"=>{"email"=>"", "password"=>"[FILTERED]", "password_confirmation"=>"[FILTERED]"}, "commit"=>"Sign up"}
  [1m[35m (0.2ms)[0m  [1m[35mBEGIN[0m
  ↳ /Users/Saru_VII/.rvm/gems/ruby-2.7.1/gems/activerecord-5.2.6/lib/active_record/log_subscriber.rb:98
  [1m[35m (0.3ms)[0m  [1m[31mROLLBACK[0m
  ↳ /Users/Saru_VII/.rvm/gems/ruby-2.7.1/gems/activerecord-5.2.6/lib/active_record/log_subscriber.rb:98
  Rendering devise/registrations/new.html.erb within layouts/application
  Rendered devise/shared/_error_messages.html.erb (1.7ms)
  Rendered devise/shared/_links.html.erb (1.3ms)
  Rendered devise/registrations/new.html.erb within layouts/application (9.0ms)
Completed 200 OK in 64ms (Views: 46.8ms | ActiveRecord: 0.4ms)


Started GET "/users/sign_in" for ::1 at 2021-05-18 18:20:46 +0200
Processing by Devise::SessionsController#new as HTML
  Rendering devise/sessions/new.html.erb within layouts/application
  Rendered devise/shared/_links.html.erb (3.0ms)
  Rendered devise/sessions/new.html.erb within layouts/application (12.9ms)
Completed 200 OK in 84ms (Views: 81.5ms | ActiveRecord: 0.0ms)


  [1m[35m (41.8ms)[0m  [1m[34mSELECT "schema_migrations"."version" FROM "schema_migrations" ORDER BY "schema_migrations"."version" ASC[0m
  ↳ bin/rails:9
  [1m[35m (0.3ms)[0m  [1m[34mSELECT "schema_migrations"."version" FROM "schema_migrations" ORDER BY "schema_migrations"."version" ASC[0m
  ↳ bin/rails:9
  [1m[35m (0.2ms)[0m  [1m[34mSELECT "schema_migrations"."version" FROM "schema_migrations" ORDER BY "schema_migrations"."version" ASC[0m
  ↳ bin/rails:9
  [1m[35m (0.2ms)[0m  [1m[34mSELECT pg_try_advisory_lock(4712895195414035070)[0m
  ↳ bin/rails:9
  [1m[35m (0.2ms)[0m  [1m[34mSELECT "schema_migrations"."version" FROM "schema_migrations" ORDER BY "schema_migrations"."version" ASC[0m
  ↳ bin/rails:9
Migrating to AddDeviseToUsers (20210518154613)
  [1m[35m (0.2ms)[0m  [1m[35mBEGIN[0m
  ↳ bin/rails:9
  [1m[35m (0.2ms)[0m  [1m[31mROLLBACK[0m
  ↳ bin/rails:9
  [1m[35m (0.2ms)[0m  [1m[34mSELECT pg_advisory_unlock(4712895195414035070)[0m
  ↳ bin/rails:9
Started GET "/users/sign_in" for ::1 at 2021-05-18 18:32:08 +0200
Processing by Devise::SessionsController#new as HTML
  Rendering devise/sessions/new.html.erb within layouts/application
  Rendered devise/shared/_links.html.erb (1.2ms)
  Rendered devise/sessions/new.html.erb within layouts/application (6.3ms)
Completed 200 OK in 136ms (Views: 112.9ms | ActiveRecord: 7.9ms)


Started GET "/users/sign_up" for ::1 at 2021-05-18 18:38:01 +0200
Processing by Devise::RegistrationsController#new as HTML
  Rendering devise/registrations/new.html.erb within layouts/application
  Rendered devise/shared/_error_messages.html.erb (0.8ms)
  Rendered devise/shared/_links.html.erb (1.3ms)
  Rendered devise/registrations/new.html.erb within layouts/application (9.7ms)
Completed 200 OK in 52ms (Views: 50.3ms | ActiveRecord: 0.0ms)


Started POST "/users" for ::1 at 2021-05-18 18:38:32 +0200
Processing by Devise::RegistrationsController#create as HTML
  Parameters: {"utf8"=>"✓", "authenticity_token"=>"X+mQdk71NDZgTGpCsxnO58Eob8XF7Cy0Gjt4JKsjkpzWshSChaVokPRwg+/uE2yohIeSV0suPKoDNPsg1kPRZw==", "user"=>{"email"=>"dylan7@yopmail.com", "password"=>"[FILTERED]", "password_confirmation"=>"[FILTERED]"}, "commit"=>"Sign up"}
  [1m[35m (0.3ms)[0m  [1m[35mBEGIN[0m
  ↳ /Users/Saru_VII/.rvm/gems/ruby-2.7.1/gems/activerecord-5.2.6/lib/active_record/log_subscriber.rb:98
  [1m[36mUser Exists (44.4ms)[0m  [1m[34mSELECT  1 AS one FROM "users" WHERE "users"."email" = $1 LIMIT $2[0m  [["email", "dylan7@yopmail.com"], ["LIMIT", 1]]
  ↳ /Users/Saru_VII/.rvm/gems/ruby-2.7.1/gems/activerecord-5.2.6/lib/active_record/log_subscriber.rb:98
  [1m[36mUser Create (1.3ms)[0m  [1m[32mINSERT INTO "users" ("created_at", "updated_at", "email", "encrypted_password") VALUES ($1, $2, $3, $4) RETURNING "id"[0m  [["created_at", "2021-05-18 16:38:33.311915"], ["updated_at", "2021-05-18 16:38:33.311915"], ["email", "dylan7@yopmail.com"], ["encrypted_password", "$2a$12$7Urvbc9LDQ8/KaWQ/FYrkO2.Di98JsNTJotwC8tpFICdcJDKIRe/y"]]
  ↳ /Users/Saru_VII/.rvm/gems/ruby-2.7.1/gems/activerecord-5.2.6/lib/active_record/log_subscriber.rb:98
  Rendering user_mailer/welcome_email.html.erb within layouts/mailer
  Rendered user_mailer/welcome_email.html.erb within layouts/mailer (0.6ms)
  Rendering user_mailer/welcome_email.text.erb within layouts/mailer
  Rendered user_mailer/welcome_email.text.erb within layouts/mailer (0.6ms)
UserMailer#welcome_email: processed outbound mail in 325.8ms
Sent mail to dylan7@yopmail.com (1128.3ms)
Date: Tue, 18 May 2021 18:38:33 +0200
From: mathieu.thp@gmail.com
To: dylan7@yopmail.com
Message-ID: <60a3ed89a33d6_93c4660815792@MacBookPro-de-Dylan.mail>
Subject: Bienvenue chez nous !
Mime-Version: 1.0
Content-Type: multipart/alternative;
 boundary="--==_mimepart_60a3ed899eaaa_93c4660815626";
 charset=UTF-8
Content-Transfer-Encoding: 7bit


----==_mimepart_60a3ed899eaaa_93c4660815626
Content-Type: text/plain;
 charset=UTF-8
Content-Transfer-Encoding: base64

U2FsdXQgIGV0IGJpZW52ZW51ZSBjaGV6IG5vdXMgIQ0KPT09PT09PT09PT09
PT09PT09PT09PT09PT09PT09PT09PT09PT09PT09PT09PT09PT09PT09PT09
PQ0KDQpUdSB0J2VzIGluc2NyaXQgc3VyIG1vbnNpdGUuZnIgZW4gdXRpbGlz
YW50IGwnZW1haWwgc3VpdmFudCA6IGR5bGFuN0B5b3BtYWlsLmNvbS4NCg0K
UG91ciBhY2PDqWRlciDDoCB0b24gZXNwYWNlIGNsaWVudCwgY29ubmVjdGUt
dG9pDQp2aWEgOiBodHRwOi8vbW9uc2l0ZS5mci9sb2dpbi4NCg0Kw4AgdHLD
qHMgdml0ZSBzdXIgbW9uc2l0ZS5mciAhDQo=

----==_mimepart_60a3ed899eaaa_93c4660815626
Content-Type: text/html;
 charset=UTF-8
Content-Transfer-Encoding: quoted-printable

<!DOCTYPE html>=0D
<html>=0D
  <head>=0D
    <meta http-equiv=3D"Content-Type" content=3D"text/html; charset=3Dutf=
-8" />=0D
    <style>=0D
      /* Email styles need to be inline */=0D
    </style>=0D
  </head>=0D
=0D
  <body>=0D
    <!DOCTYPE html>=0D
<html>=0D
	<head>=0D
		<meta content=3D'text/html; charset=3DUTF-8' http-equiv=3D'Content-Type=
' />=0D
	</head>=0D
	<body>=0D
		<h1>Salut  et bienvenue chez nous !</h1>=0D
		<p> Tu t'es inscrit sur monsite.fr en utilisant l'e-mail suivant : dyla=
n7@yopmail.com.</p>=0D
		<p> Pour acc=C3=A9der =C3=A0 ton espace client, connectetoi via : http:=
//monsite.fr/login. </p>=0D
		<p> =C3=80 tr=C3=A8s vite sur monsite.fr !</p>=0D
	</body>=0D
</html>=0D
  </body>=0D
</html>=0D

----==_mimepart_60a3ed899eaaa_93c4660815626--

  [1m[35m (5.8ms)[0m  [1m[35mCOMMIT[0m
  ↳ /Users/Saru_VII/.rvm/gems/ruby-2.7.1/gems/activerecord-5.2.6/lib/active_record/log_subscriber.rb:98
Redirected to http://localhost:3000/
Completed 302 Found in 1881ms (ActiveRecord: 51.7ms)


Started GET "/" for ::1 at 2021-05-18 18:38:34 +0200
Processing by StaticPagesController#index as HTML
  Rendering static_pages/index.html.erb within layouts/application
  [1m[36mUser Load (0.3ms)[0m  [1m[34mSELECT  "users".* FROM "users" WHERE "users"."id" = $1 ORDER BY "users"."id" ASC LIMIT $2[0m  [["id", 1], ["LIMIT", 1]]
  ↳ app/views/static_pages/index.html.erb:4
  Rendered static_pages/index.html.erb within layouts/application (19.0ms)
Completed 200 OK in 82ms (Views: 78.5ms | ActiveRecord: 0.6ms)


Started GET "/static_pages/secret" for ::1 at 2021-05-18 18:43:37 +0200
Processing by StaticPagesController#secret as HTML
  Rendering static_pages/secret.html.erb within layouts/application
  Rendered static_pages/secret.html.erb within layouts/application (1.3ms)
Completed 200 OK in 99ms (Views: 96.2ms | ActiveRecord: 0.0ms)


Started GET "/users/edit" for ::1 at 2021-05-18 18:44:49 +0200
Processing by Devise::RegistrationsController#edit as HTML
  [1m[36mUser Load (0.5ms)[0m  [1m[34mSELECT  "users".* FROM "users" WHERE "users"."id" = $1 ORDER BY "users"."id" ASC LIMIT $2[0m  [["id", 1], ["LIMIT", 1]]
  ↳ /Users/Saru_VII/.rvm/gems/ruby-2.7.1/gems/activerecord-5.2.6/lib/active_record/log_subscriber.rb:98
  Rendering devise/registrations/edit.html.erb within layouts/application
  Rendered devise/shared/_error_messages.html.erb (0.9ms)
  Rendered devise/registrations/edit.html.erb within layouts/application (10.1ms)
Completed 200 OK in 64ms (Views: 61.1ms | ActiveRecord: 0.5ms)


Started GET "/users/sign_up" for ::1 at 2021-05-18 18:53:42 +0200
Processing by Devise::RegistrationsController#new as HTML
  [1m[36mUser Load (2.1ms)[0m  [1m[34mSELECT  "users".* FROM "users" WHERE "users"."id" = $1 ORDER BY "users"."id" ASC LIMIT $2[0m  [["id", 1], ["LIMIT", 1]]
  ↳ /Users/Saru_VII/.rvm/gems/ruby-2.7.1/gems/activerecord-5.2.6/lib/active_record/log_subscriber.rb:98
Redirected to http://localhost:3000/
Filter chain halted as :require_no_authentication rendered or redirected
Completed 302 Found in 46ms (ActiveRecord: 11.5ms)


Started GET "/" for ::1 at 2021-05-18 18:53:42 +0200
Processing by StaticPagesController#index as HTML
  Rendering static_pages/index.html.erb within layouts/application
  [1m[36mUser Load (0.6ms)[0m  [1m[34mSELECT  "users".* FROM "users" WHERE "users"."id" = $1 ORDER BY "users"."id" ASC LIMIT $2[0m  [["id", 1], ["LIMIT", 1]]
  ↳ app/views/static_pages/index.html.erb:4
  Rendered static_pages/index.html.erb within layouts/application (5.0ms)
Completed 200 OK in 90ms (Views: 86.4ms | ActiveRecord: 0.6ms)


Started DELETE "/users/sign_out" for ::1 at 2021-05-18 18:53:54 +0200
Processing by Devise::SessionsController#destroy as HTML
  Parameters: {"authenticity_token"=>"STcajdyliSCU40lJSsUCM9AZbsj+Z0pU1vgeOdnCnrLAbJ55F/XVhgDfoOQXz6B8lbaTWnClWkrP9509pKLdSQ=="}
  [1m[36mUser Load (0.8ms)[0m  [1m[34mSELECT  "users".* FROM "users" WHERE "users"."id" = $1 ORDER BY "users"."id" ASC LIMIT $2[0m  [["id", 1], ["LIMIT", 1]]
  ↳ /Users/Saru_VII/.rvm/gems/ruby-2.7.1/gems/activerecord-5.2.6/lib/active_record/log_subscriber.rb:98
  [1m[35m (0.2ms)[0m  [1m[35mBEGIN[0m
  ↳ /Users/Saru_VII/.rvm/gems/ruby-2.7.1/gems/activerecord-5.2.6/lib/active_record/log_subscriber.rb:98
  [1m[35m (0.2ms)[0m  [1m[35mCOMMIT[0m
  ↳ /Users/Saru_VII/.rvm/gems/ruby-2.7.1/gems/activerecord-5.2.6/lib/active_record/log_subscriber.rb:98
Redirected to http://localhost:3000/
Completed 302 Found in 23ms (ActiveRecord: 1.2ms)


Started GET "/" for ::1 at 2021-05-18 18:53:54 +0200
Processing by StaticPagesController#index as HTML
  Rendering static_pages/index.html.erb within layouts/application
  Rendered static_pages/index.html.erb within layouts/application (1.4ms)
Completed 200 OK in 36ms (Views: 35.3ms | ActiveRecord: 0.0ms)


Started GET "/users/sign_up" for ::1 at 2021-05-18 18:53:57 +0200
Processing by Devise::RegistrationsController#new as HTML
  Rendering devise/registrations/new.html.erb within layouts/application
  Rendered devise/shared/_error_messages.html.erb (0.8ms)
  Rendered devise/shared/_links.html.erb (1.8ms)
  Rendered devise/registrations/new.html.erb within layouts/application (10.6ms)
Completed 200 OK in 45ms (Views: 43.0ms | ActiveRecord: 0.0ms)


Started GET "/users/sign_up" for ::1 at 2021-05-18 18:54:08 +0200
Processing by Devise::RegistrationsController#new as HTML
  Rendering devise/registrations/new.html.erb within layouts/application
DEPRECATION WARNING: [Devise] `DeviseHelper#devise_error_messages!` is deprecated and will be
removed in the next major version.

Devise now uses a partial under "devise/shared/error_messages" to display
error messages by default, and make them easier to customize. Update your
views changing calls from:

    <%= devise_error_messages! %>

to:

    <%= render "devise/shared/error_messages", resource: resource %>

To start customizing how errors are displayed, you can copy the partial
from devise to your `app/views` folder. Alternatively, you can run
`rails g devise:views` which will copy all of them again to your app.
 (called from block in _app_views_devise_registrations_new_html_erb___1722937139233376368_33840 at /Users/Saru_VII/Documents/Codage/THP 2021/01_FullStack/BDD/Eventbrite/app/views/devise/registrations/new.html.erb:7)
  Rendered devise/shared/_links.html.erb (1.6ms)
  Rendered devise/registrations/new.html.erb within layouts/application (8.2ms)
Completed 200 OK in 56ms (Views: 54.1ms | ActiveRecord: 0.0ms)


Started GET "/" for ::1 at 2021-05-18 18:54:14 +0200
Processing by StaticPagesController#index as HTML
  Rendering static_pages/index.html.erb within layouts/application
  Rendered static_pages/index.html.erb within layouts/application (1.9ms)
Completed 200 OK in 39ms (Views: 37.3ms | ActiveRecord: 0.0ms)


Started GET "/users/sign_up" for ::1 at 2021-05-18 18:54:17 +0200
Processing by Devise::RegistrationsController#new as HTML
  Rendering devise/registrations/new.html.erb within layouts/application
DEPRECATION WARNING: [Devise] `DeviseHelper#devise_error_messages!` is deprecated and will be
removed in the next major version.

Devise now uses a partial under "devise/shared/error_messages" to display
error messages by default, and make them easier to customize. Update your
views changing calls from:

    <%= devise_error_messages! %>

to:

    <%= render "devise/shared/error_messages", resource: resource %>

To start customizing how errors are displayed, you can copy the partial
from devise to your `app/views` folder. Alternatively, you can run
`rails g devise:views` which will copy all of them again to your app.
 (called from block in _app_views_devise_registrations_new_html_erb___1722937139233376368_34020 at /Users/Saru_VII/Documents/Codage/THP 2021/01_FullStack/BDD/Eventbrite/app/views/devise/registrations/new.html.erb:7)
  Rendered devise/shared/_links.html.erb (1.6ms)
  Rendered devise/registrations/new.html.erb within layouts/application (5.5ms)
Completed 200 OK in 51ms (Views: 49.0ms | ActiveRecord: 0.0ms)


Started GET "/users/sign_up" for ::1 at 2021-05-18 18:54:25 +0200
Processing by Devise::RegistrationsController#new as HTML
  Rendering devise/registrations/new.html.erb within layouts/application
  Rendered devise/shared/_error_messages.html.erb (0.7ms)
  Rendered devise/shared/_links.html.erb (1.0ms)
  Rendered devise/registrations/new.html.erb within layouts/application (7.9ms)
Completed 200 OK in 41ms (Views: 40.0ms | ActiveRecord: 0.0ms)


Started GET "/users/sign_up" for ::1 at 2021-05-18 18:54:53 +0200
Processing by Devise::RegistrationsController#new as HTML
  Rendering devise/registrations/new.html.erb within layouts/application
DEPRECATION WARNING: [Devise] `DeviseHelper#devise_error_messages!` is deprecated and will be
removed in the next major version.

Devise now uses a partial under "devise/shared/error_messages" to display
error messages by default, and make them easier to customize. Update your
views changing calls from:

    <%= devise_error_messages! %>

to:

    <%= render "devise/shared/error_messages", resource: resource %>

To start customizing how errors are displayed, you can copy the partial
from devise to your `app/views` folder. Alternatively, you can run
`rails g devise:views` which will copy all of them again to your app.
 (called from block in _app_views_devise_registrations_new_html_erb___1722937139233376368_34240 at /Users/Saru_VII/Documents/Codage/THP 2021/01_FullStack/BDD/Eventbrite/app/views/devise/registrations/new.html.erb:7)
  Rendered devise/shared/_links.html.erb (1.4ms)
  Rendered devise/registrations/new.html.erb within layouts/application (6.9ms)
Completed 200 OK in 66ms (Views: 65.5ms | ActiveRecord: 0.0ms)


Started GET "/users/sign_up" for ::1 at 2021-05-18 18:56:59 +0200
Processing by Devise::RegistrationsController#new as HTML
  Rendering devise/registrations/new.html.erb within layouts/application
DEPRECATION WARNING: [Devise] `DeviseHelper#devise_error_messages!` is deprecated and will be
removed in the next major version.

Devise now uses a partial under "devise/shared/error_messages" to display
error messages by default, and make them easier to customize. Update your
views changing calls from:

    <%= devise_error_messages! %>

to:

    <%= render "devise/shared/error_messages", resource: resource %>

To start customizing how errors are displayed, you can copy the partial
from devise to your `app/views` folder. Alternatively, you can run
`rails g devise:views` which will copy all of them again to your app.
 (called from block in _app_views_devise_registrations_new_html_erb___1722937139233376368_34340 at /Users/Saru_VII/Documents/Codage/THP 2021/01_FullStack/BDD/Eventbrite/app/views/devise/registrations/new.html.erb:7)
  Rendered devise/shared/_links.html.erb (1.3ms)
  Rendered devise/registrations/new.html.erb within layouts/application (7.8ms)
Completed 200 OK in 57ms (Views: 54.7ms | ActiveRecord: 0.0ms)


  [1m[35m (1.6ms)[0m  [1m[34mSELECT "schema_migrations"."version" FROM "schema_migrations" ORDER BY "schema_migrations"."version" ASC[0m
  ↳ bin/rails:9
  [1m[35m (0.2ms)[0m  [1m[34mSELECT "schema_migrations"."version" FROM "schema_migrations" ORDER BY "schema_migrations"."version" ASC[0m
  ↳ bin/rails:9
  [1m[35m (0.2ms)[0m  [1m[34mSELECT "schema_migrations"."version" FROM "schema_migrations" ORDER BY "schema_migrations"."version" ASC[0m
  ↳ bin/rails:9
  [1m[35m (0.2ms)[0m  [1m[34mSELECT pg_try_advisory_lock(4712895195414035070)[0m
  ↳ bin/rails:9
  [1m[35m (0.2ms)[0m  [1m[34mSELECT "schema_migrations"."version" FROM "schema_migrations" ORDER BY "schema_migrations"."version" ASC[0m
  ↳ bin/rails:9
Migrating to AddDeviseToUsers (20210518154613)
  [1m[35m (0.2ms)[0m  [1m[35mBEGIN[0m
  ↳ bin/rails:9
  [1m[35m (2.0ms)[0m  [1m[35mDROP INDEX  "index_users_on_reset_password_token"[0m
  ↳ bin/rails:9
  [1m[35m (0.3ms)[0m  [1m[35mDROP INDEX  "index_users_on_email"[0m
  ↳ bin/rails:9
  [1m[35m (2.4ms)[0m  [1m[35mALTER TABLE "users" DROP COLUMN "remember_created_at"[0m
  ↳ bin/rails:9
  [1m[35m (0.5ms)[0m  [1m[35mALTER TABLE "users" DROP COLUMN "reset_password_sent_at"[0m
  ↳ bin/rails:9
  [1m[35m (2.9ms)[0m  [1m[35mALTER TABLE "users" DROP COLUMN "reset_password_token"[0m
  ↳ bin/rails:9
  [1m[35m (0.6ms)[0m  [1m[35mALTER TABLE "users" DROP COLUMN "encrypted_password"[0m
  ↳ bin/rails:9
  [1m[35m (1.4ms)[0m  [1m[35mALTER TABLE "users" DROP COLUMN "email"[0m
  ↳ bin/rails:9
  [1m[36mActiveRecord::SchemaMigration Destroy (0.8ms)[0m  [1m[31mDELETE FROM "schema_migrations" WHERE "schema_migrations"."version" = $1[0m  [["version", "20210518154613"]]
  ↳ bin/rails:9
  [1m[35m (43.2ms)[0m  [1m[35mCOMMIT[0m
  ↳ bin/rails:9
  [1m[35m (0.3ms)[0m  [1m[34mSELECT pg_advisory_unlock(4712895195414035070)[0m
  ↳ bin/rails:9
  [1m[35m (0.3ms)[0m  [1m[34mSELECT "schema_migrations"."version" FROM "schema_migrations" ORDER BY "schema_migrations"."version" ASC[0m
  ↳ bin/rails:9
  [1m[35m (1.3ms)[0m  [1m[34mSELECT "schema_migrations"."version" FROM "schema_migrations" ORDER BY "schema_migrations"."version" ASC[0m
  ↳ bin/rails:9
  [1m[35m (0.3ms)[0m  [1m[34mSELECT "schema_migrations"."version" FROM "schema_migrations" ORDER BY "schema_migrations"."version" ASC[0m
  ↳ bin/rails:9
  [1m[35m (0.2ms)[0m  [1m[34mSELECT "schema_migrations"."version" FROM "schema_migrations" ORDER BY "schema_migrations"."version" ASC[0m
  ↳ bin/rails:9
  [1m[35m (0.3ms)[0m  [1m[34mSELECT pg_try_advisory_lock(4712895195414035070)[0m
  ↳ bin/rails:9
  [1m[35m (0.2ms)[0m  [1m[34mSELECT "schema_migrations"."version" FROM "schema_migrations" ORDER BY "schema_migrations"."version" ASC[0m
  ↳ bin/rails:9
Migrating to CreateAttendances (20210516034151)
  [1m[35m (0.2ms)[0m  [1m[35mBEGIN[0m
  ↳ bin/rails:9
  [1m[35m (2.7ms)[0m  [1m[35mDROP TABLE "attendances"[0m
  ↳ bin/rails:9
  [1m[36mActiveRecord::SchemaMigration Destroy (0.6ms)[0m  [1m[31mDELETE FROM "schema_migrations" WHERE "schema_migrations"."version" = $1[0m  [["version", "20210516034151"]]
  ↳ bin/rails:9
  [1m[35m (45.9ms)[0m  [1m[35mCOMMIT[0m
  ↳ bin/rails:9
  [1m[35m (0.3ms)[0m  [1m[34mSELECT pg_advisory_unlock(4712895195414035070)[0m
  ↳ bin/rails:9
  [1m[35m (0.2ms)[0m  [1m[34mSELECT "schema_migrations"."version" FROM "schema_migrations" ORDER BY "schema_migrations"."version" ASC[0m
  ↳ bin/rails:9
  [1m[35m (0.8ms)[0m  [1m[34mSELECT "schema_migrations"."version" FROM "schema_migrations" ORDER BY "schema_migrations"."version" ASC[0m
  ↳ bin/rails:9
  [1m[35m (0.2ms)[0m  [1m[34mSELECT "schema_migrations"."version" FROM "schema_migrations" ORDER BY "schema_migrations"."version" ASC[0m
  ↳ bin/rails:9
  [1m[35m (0.2ms)[0m  [1m[34mSELECT "schema_migrations"."version" FROM "schema_migrations" ORDER BY "schema_migrations"."version" ASC[0m
  ↳ bin/rails:9
  [1m[35m (0.2ms)[0m  [1m[34mSELECT pg_try_advisory_lock(4712895195414035070)[0m
  ↳ bin/rails:9
  [1m[35m (0.2ms)[0m  [1m[34mSELECT "schema_migrations"."version" FROM "schema_migrations" ORDER BY "schema_migrations"."version" ASC[0m
  ↳ bin/rails:9
Migrating to CreateEvents (20210516034131)
  [1m[35m (0.2ms)[0m  [1m[35mBEGIN[0m
  ↳ bin/rails:9
  [1m[35m (3.6ms)[0m  [1m[35mDROP TABLE "events"[0m
  ↳ bin/rails:9
  [1m[36mActiveRecord::SchemaMigration Destroy (0.5ms)[0m  [1m[31mDELETE FROM "schema_migrations" WHERE "schema_migrations"."version" = $1[0m  [["version", "20210516034131"]]
  ↳ bin/rails:9
  [1m[35m (42.9ms)[0m  [1m[35mCOMMIT[0m
  ↳ bin/rails:9
  [1m[35m (0.3ms)[0m  [1m[34mSELECT pg_advisory_unlock(4712895195414035070)[0m
  ↳ bin/rails:9
  [1m[35m (0.2ms)[0m  [1m[34mSELECT "schema_migrations"."version" FROM "schema_migrations" ORDER BY "schema_migrations"."version" ASC[0m
  ↳ bin/rails:9
  [1m[35m (0.9ms)[0m  [1m[34mSELECT "schema_migrations"."version" FROM "schema_migrations" ORDER BY "schema_migrations"."version" ASC[0m
  ↳ bin/rails:9
  [1m[35m (0.2ms)[0m  [1m[34mSELECT "schema_migrations"."version" FROM "schema_migrations" ORDER BY "schema_migrations"."version" ASC[0m
  ↳ bin/rails:9
  [1m[35m (0.3ms)[0m  [1m[34mSELECT "schema_migrations"."version" FROM "schema_migrations" ORDER BY "schema_migrations"."version" ASC[0m
  ↳ bin/rails:9
  [1m[35m (0.2ms)[0m  [1m[34mSELECT pg_try_advisory_lock(4712895195414035070)[0m
  ↳ bin/rails:9
  [1m[35m (0.2ms)[0m  [1m[34mSELECT "schema_migrations"."version" FROM "schema_migrations" ORDER BY "schema_migrations"."version" ASC[0m
  ↳ bin/rails:9
Migrating to CreateUsers (20210516034123)
  [1m[35m (1.2ms)[0m  [1m[35mBEGIN[0m
  ↳ bin/rails:9
  [1m[35m (6.2ms)[0m  [1m[35mDROP TABLE "users"[0m
  ↳ bin/rails:9
  [1m[36mActiveRecord::SchemaMigration Destroy (0.8ms)[0m  [1m[31mDELETE FROM "schema_migrations" WHERE "schema_migrations"."version" = $1[0m  [["version", "20210516034123"]]
  ↳ bin/rails:9
  [1m[35m (9.7ms)[0m  [1m[35mCOMMIT[0m
  ↳ bin/rails:9
  [1m[35m (0.3ms)[0m  [1m[34mSELECT pg_advisory_unlock(4712895195414035070)[0m
  ↳ bin/rails:9
  [1m[35m (0.3ms)[0m  [1m[34mSELECT "schema_migrations"."version" FROM "schema_migrations" ORDER BY "schema_migrations"."version" ASC[0m
  ↳ bin/rails:9
  [1m[35m (0.8ms)[0m  [1m[34mSELECT "schema_migrations"."version" FROM "schema_migrations" ORDER BY "schema_migrations"."version" ASC[0m
  ↳ bin/rails:9
